INFO:cooler.reduce:Merging:
/faststorage/project/hic-spermatogenesis/people/sojern/hic-compartment-borders/steps/cool/pachytene_spermatocyte/SRR7345458.1000.cool
/faststorage/project/hic-spermatogenesis/people/sojern/hic-compartment-borders/steps/cool/pachytene_spermatocyte/SRR7345459.1000.cool
/faststorage/project/hic-spermatogenesis/people/sojern/hic-compartment-borders/steps/cool/pachytene_spermatocyte/SRR7349191.1000.cool
/faststorage/project/hic-spermatogenesis/people/sojern/hic-compartment-borders/steps/cool/pachytene_spermatocyte/SRR6502342.1000.cool
/faststorage/project/hic-spermatogenesis/people/sojern/hic-compartment-borders/steps/cool/pachytene_spermatocyte/SRR6502344.1000.cool
/faststorage/project/hic-spermatogenesis/people/sojern/hic-compartment-borders/steps/cool/pachytene_spermatocyte/SRR6502345.1000.cool
INFO:cooler.create:Creating cooler at "/faststorage/project/hic-spermatogenesis/people/sojern/hic-compartment-borders/steps/cool/pachytene_spermatocyte/pachytene_spermatocyte.merged.cool::/"
INFO:cooler.create:Writing chroms
INFO:cooler.create:Writing bins
INFO:cooler.create:Writing pixels
INFO:cooler.reduce:n_merge_epochs: 18
INFO:cooler.reduce:nnzs: [196479673, 170562452, 167063118, 181460872, 88084148, 91949308]
INFO:cooler.reduce:records consumed: [11049581, 9689614, 9493300, 9922197, 4814211, 5030914]
INFO:cooler.reduce:records consumed: [22300138, 19500096, 18866731, 19813966, 9549218, 9969353]
INFO:cooler.reduce:records consumed: [33516203, 29288444, 28336771, 29702460, 14264349, 14890958]
INFO:cooler.reduce:records consumed: [44441034, 38863570, 37856937, 39707553, 19146877, 19983105]
INFO:cooler.reduce:records consumed: [54976903, 48167937, 47519796, 49908147, 24184588, 25241523]
INFO:cooler.reduce:records consumed: [65696344, 57588364, 57049011, 60018036, 29188137, 30458906]
INFO:cooler.reduce:records consumed: [76123204, 66790341, 66788453, 70238457, 34283366, 35774883]
INFO:cooler.reduce:records consumed: [86644232, 76059685, 76453204, 80447034, 39340436, 41053872]
INFO:cooler.reduce:records consumed: [97897547, 85800627, 85675584, 90440797, 44125119, 46058515]
INFO:cooler.reduce:records consumed: [108840646, 95311732, 95064691, 100565032, 49034273, 51181767]
INFO:cooler.reduce:records consumed: [119775204, 104819001, 104427311, 110686223, 53963044, 56327021]
INFO:cooler.reduce:records consumed: [131161097, 114597061, 113472535, 120714732, 58740230, 61311848]
INFO:cooler.reduce:records consumed: [142021859, 124004942, 122739431, 130949196, 63745180, 66536818]
INFO:cooler.reduce:records consumed: [152826456, 133347792, 132014944, 141239579, 68775678, 71792619]
INFO:cooler.reduce:records consumed: [163958970, 142898394, 141027533, 151470713, 73705217, 76936209]
INFO:cooler.reduce:records consumed: [175362547, 152580520, 149805354, 161689142, 78556235, 82002953]
INFO:cooler.reduce:records consumed: [186135973, 161821055, 158875872, 172165064, 83665625, 87332899]
INFO:cooler.reduce:records consumed: [196479673, 170562452, 167063118, 181460872, 88084148, 91949308]
INFO:cooler.create:Writing indexes
INFO:cooler.create:Writing info
INFO:cooler.cli.zoomify:Recursively aggregating "/faststorage/project/hic-spermatogenesis/people/sojern/hic-compartment-borders/steps/cool/pachytene_spermatocyte/pachytene_spermatocyte.merged.cool"
INFO:cooler.cli.zoomify:Writing to "/faststorage/project/hic-spermatogenesis/people/sojern/hic-compartment-borders/steps/cool/pachytene_spermatocyte/pachytene_spermatocyte.merged.mcool"
INFO:cooler.reduce:Copying base matrices and producing 5 new zoom levels.
INFO:cooler.reduce:Bin size: 1000
INFO:cooler.reduce:Aggregating from 1000 to 5000.
INFO:cooler.create:Creating cooler at "/faststorage/project/hic-spermatogenesis/people/sojern/hic-compartment-borders/steps/cool/pachytene_spermatocyte/pachytene_spermatocyte.merged.mcool::/resolutions/5000"
INFO:cooler.create:Writing chroms
INFO:cooler.create:Writing bins
INFO:cooler.create:Writing pixels
INFO:cooler.reduce:10002441 20000675
INFO:cooler.reduce:60001599 70001428
INFO:cooler.reduce:0 10002441
INFO:cooler.reduce:40000238 50000156
INFO:cooler.reduce:120000411 130000015
INFO:cooler.reduce:30001765 40000238
INFO:cooler.reduce:20000675 30001765
INFO:cooler.reduce:100000118 110001206
INFO:cooler.reduce:70001428 80000666
INFO:cooler.reduce:50000156 60001599
INFO:cooler.reduce:90001275 100000118
INFO:cooler.reduce:80000666 90001275
INFO:cooler.reduce:110001206 120000411
INFO:cooler.reduce:130000015 140000027
INFO:cooler.reduce:150000564 160000102
INFO:cooler.reduce:140000027 150000564
INFO:cooler.reduce:190000374 200000299
INFO:cooler.reduce:180001106 190000374
INFO:cooler.reduce:160000102 170001432
INFO:cooler.reduce:170001432 180001106
INFO:cooler.reduce:220000963 230001425
INFO:cooler.reduce:200000299 210000150
INFO:cooler.reduce:240001537 250002077
INFO:cooler.reduce:230001425 240001537
INFO:cooler.reduce:210000150 220000963
INFO:cooler.reduce:260001312 270000882
INFO:cooler.reduce:290001346 300000569
INFO:cooler.reduce:300000569 310001234
INFO:cooler.reduce:280000438 290001346
INFO:cooler.reduce:310001234 320000636
INFO:cooler.reduce:250002077 260001312
INFO:cooler.reduce:270000882 280000438
INFO:cooler.reduce:320000636 330000746
INFO:cooler.reduce:350000195 360000988
INFO:cooler.reduce:330000746 340001653
INFO:cooler.reduce:340001653 350000195
INFO:cooler.reduce:430000267 440001386
INFO:cooler.reduce:360000988 370000654
INFO:cooler.reduce:370000654 380000939
INFO:cooler.reduce:420000118 430000267
INFO:cooler.reduce:410000169 420000118
INFO:cooler.reduce:470001594 480000671
INFO:cooler.reduce:390000213 400001549
INFO:cooler.reduce:380000939 390000213
INFO:cooler.reduce:400001549 410000169
INFO:cooler.reduce:440001386 450001365
INFO:cooler.reduce:450001365 460000878
INFO:cooler.reduce:460000878 470001594
INFO:cooler.reduce:480000671 490000047
INFO:cooler.reduce:500000214 510001603
INFO:cooler.reduce:510001603 520001013
INFO:cooler.reduce:490000047 500000214
INFO:cooler.reduce:540001139 550001435
INFO:cooler.reduce:530000635 540001139
INFO:cooler.reduce:570001242 580001124
INFO:cooler.reduce:520001013 530000635
INFO:cooler.reduce:610000844 620000343
INFO:cooler.reduce:550001435 560001608
INFO:cooler.reduce:620000343 630000626
INFO:cooler.reduce:560001608 570001242
INFO:cooler.reduce:580001124 590000524
INFO:cooler.reduce:590000524 600000007
INFO:cooler.reduce:600000007 610000844
INFO:cooler.reduce:630000626 640000264
INFO:cooler.reduce:640000264 650000369
INFO:cooler.reduce:660001106 670000124
INFO:cooler.reduce:650000369 660001106
INFO:cooler.reduce:670000124 680001050
INFO:cooler.reduce:720000013 730000914
INFO:cooler.reduce:680001050 690000901
INFO:cooler.reduce:700000482 710000514
INFO:cooler.reduce:730000914 740001030
INFO:cooler.reduce:710000514 720000013
INFO:cooler.reduce:690000901 700000482
INFO:cooler.reduce:740001030 750000775
INFO:cooler.reduce:750000775 760000352
INFO:cooler.reduce:760000352 770000593
INFO:cooler.reduce:770000593 780001217
INFO:cooler.reduce:790000655 800000079
INFO:cooler.reduce:780001217 790000655
INFO:cooler.reduce:810000748 813087972
INFO:cooler.reduce:800000079 810000748
INFO:cooler.create:Writing indexes
INFO:cooler.create:Writing info
INFO:cooler.reduce:Aggregating from 5000 to 10000.
INFO:cooler.create:Creating cooler at "/faststorage/project/hic-spermatogenesis/people/sojern/hic-compartment-borders/steps/cool/pachytene_spermatocyte/pachytene_spermatocyte.merged.mcool::/resolutions/10000"
INFO:cooler.create:Writing chroms
INFO:cooler.create:Writing bins
INFO:cooler.create:Writing pixels
INFO:cooler.reduce:20002177 30001823
INFO:cooler.reduce:90000000 100000171
INFO:cooler.reduce:150000647 160002103
INFO:cooler.reduce:0 10000682
INFO:cooler.reduce:140002342 150000647
INFO:cooler.reduce:10000682 20002177
INFO:cooler.reduce:50000544 60000206
INFO:cooler.reduce:40002146 50000544
INFO:cooler.reduce:30001823 40002146
INFO:cooler.reduce:60000206 70000547
INFO:cooler.reduce:80000116 90000000
INFO:cooler.reduce:130000327 140002342
INFO:cooler.reduce:70000547 80000116
INFO:cooler.reduce:120001040 130000327
INFO:cooler.reduce:110000496 120001040
INFO:cooler.reduce:100000171 110000496
INFO:cooler.reduce:160002103 170001191
INFO:cooler.reduce:190002066 200002172
INFO:cooler.reduce:170001191 180000372
INFO:cooler.reduce:180000372 190002066
INFO:cooler.reduce:210001382 220002683
INFO:cooler.reduce:250001697 260002066
INFO:cooler.reduce:300001502 310001893
INFO:cooler.reduce:230002029 240001393
INFO:cooler.reduce:290001791 300001502
INFO:cooler.reduce:260002066 270000656
INFO:cooler.reduce:200002172 210001382
INFO:cooler.reduce:240001393 250001697
INFO:cooler.reduce:270000656 280000500
INFO:cooler.reduce:220002683 230002029
INFO:cooler.reduce:310001893 320001905
INFO:cooler.reduce:280000500 290001791
INFO:cooler.reduce:370002150 380001998
INFO:cooler.reduce:320001905 330001213
INFO:cooler.reduce:340001463 350001641
INFO:cooler.reduce:380001998 390002210
INFO:cooler.reduce:460001231 470000161
INFO:cooler.reduce:430000941 440000115
INFO:cooler.reduce:390002210 400000185
INFO:cooler.reduce:360002547 370002150
INFO:cooler.reduce:410000473 420000286
INFO:cooler.reduce:330001213 340001463
INFO:cooler.reduce:400000185 410000473
INFO:cooler.reduce:350001641 360002547
INFO:cooler.reduce:450000039 460001231
INFO:cooler.reduce:420000286 430000941
INFO:cooler.reduce:470000161 480000720
INFO:cooler.reduce:440000115 450000039
INFO:cooler.reduce:480000720 490000423
INFO:cooler.reduce:550000692 560000457
INFO:cooler.reduce:560000457 570000876
INFO:cooler.reduce:540000647 550000692
INFO:cooler.reduce:510001719 520001439
INFO:cooler.reduce:530000589 540000647
INFO:cooler.reduce:490000423 500000701
INFO:cooler.reduce:580000189 590000654
INFO:cooler.reduce:520001439 530000589
INFO:cooler.reduce:500000701 510001719
INFO:cooler.reduce:570000876 580000189
INFO:cooler.reduce:590000654 600000228
INFO:cooler.reduce:600000228 608741234
INFO:cooler.create:Writing indexes
INFO:cooler.create:Writing info
INFO:cooler.reduce:Aggregating from 10000 to 50000.
INFO:cooler.create:Creating cooler at "/faststorage/project/hic-spermatogenesis/people/sojern/hic-compartment-borders/steps/cool/pachytene_spermatocyte/pachytene_spermatocyte.merged.mcool::/resolutions/50000"
INFO:cooler.create:Writing chroms
INFO:cooler.create:Writing bins
INFO:cooler.create:Writing pixels
INFO:cooler.reduce:100009001 110008369
INFO:cooler.reduce:70003243 80010811
INFO:cooler.reduce:0 10006105
INFO:cooler.reduce:90010914 100009001
INFO:cooler.reduce:40005802 50008178
INFO:cooler.reduce:130009629 140011207
INFO:cooler.reduce:30000275 40005802
INFO:cooler.reduce:60007084 70003243
INFO:cooler.reduce:140011207 150009088
INFO:cooler.reduce:120004924 130009629
INFO:cooler.reduce:20002407 30000275
INFO:cooler.reduce:10006105 20002407
INFO:cooler.reduce:50008178 60007084
INFO:cooler.reduce:80010811 90010914
INFO:cooler.reduce:150009088 160005860
INFO:cooler.reduce:110008369 120004924
INFO:cooler.reduce:250002668 260007913
INFO:cooler.reduce:190007574 200001983
INFO:cooler.reduce:170000855 180000449
INFO:cooler.reduce:210002140 220008555
INFO:cooler.reduce:230010022 240000656
INFO:cooler.reduce:310006269 320001260
INFO:cooler.reduce:160005860 170000855
INFO:cooler.reduce:200001983 210002140
INFO:cooler.reduce:280008279 290004040
INFO:cooler.reduce:220008555 230010022
INFO:cooler.reduce:290004040 300009015
INFO:cooler.reduce:180000449 190007574
INFO:cooler.reduce:260007913 270002924
INFO:cooler.reduce:300009015 310006269
INFO:cooler.reduce:270002924 280008279
INFO:cooler.reduce:240000656 250002668
INFO:cooler.reduce:460000115 462285302
INFO:cooler.reduce:320001260 330004666
INFO:cooler.reduce:360006888 370002895
INFO:cooler.reduce:380001858 390005502
INFO:cooler.reduce:420004442 430003404
INFO:cooler.reduce:350005750 360006888
INFO:cooler.reduce:340002533 350005750
INFO:cooler.reduce:450002232 460000115
INFO:cooler.reduce:330004666 340002533
INFO:cooler.reduce:390005502 400006203
INFO:cooler.reduce:430003404 440002113
INFO:cooler.reduce:400006203 410000394
INFO:cooler.reduce:410000394 420004442
INFO:cooler.reduce:440002113 450002232
INFO:cooler.reduce:370002895 380001858
INFO:cooler.create:Writing indexes
INFO:cooler.create:Writing info
INFO:cooler.reduce:Aggregating from 50000 to 100000.
INFO:cooler.create:Creating cooler at "/faststorage/project/hic-spermatogenesis/people/sojern/hic-compartment-borders/steps/cool/pachytene_spermatocyte/pachytene_spermatocyte.merged.mcool::/resolutions/100000"
INFO:cooler.create:Writing chroms
INFO:cooler.create:Writing bins
INFO:cooler.create:Writing pixels
INFO:cooler.reduce:120003489 130004176
INFO:cooler.reduce:150006220 160000019
INFO:cooler.reduce:140001209 150006220
INFO:cooler.reduce:70013343 80001278
INFO:cooler.reduce:90007665 100005078
INFO:cooler.reduce:60011866 70013343
INFO:cooler.reduce:30012736 40010748
INFO:cooler.reduce:80001278 90007665
INFO:cooler.reduce:40010748 50011999
INFO:cooler.reduce:20011636 30012736
INFO:cooler.reduce:10002988 20011636
INFO:cooler.reduce:100005078 110010184
INFO:cooler.reduce:110010184 120003489
INFO:cooler.reduce:50011999 60011866
INFO:cooler.reduce:0 10002988
INFO:cooler.reduce:130004176 140001209
INFO:cooler.reduce:170004069 180001912
INFO:cooler.reduce:160000019 170004069
INFO:cooler.reduce:210004870 220000591
INFO:cooler.reduce:190000353 200005629
INFO:cooler.reduce:180001912 190000353
INFO:cooler.reduce:200005629 210004870
INFO:cooler.reduce:220000591 229784991
INFO:cooler.create:Writing indexes
INFO:cooler.create:Writing info
INFO:cooler.cli.zoomify:Balancing zoom level with bin size 1000
INFO:cooler.cli.balance:Balancing "/faststorage/project/hic-spermatogenesis/people/sojern/hic-compartment-borders/steps/cool/pachytene_spermatocyte/pachytene_spermatocyte.merged.mcool::resolutions/1000"
INFO:cooler.balance:variance is 68822.95767305317
INFO:cooler.balance:variance is 18914.656252763343
INFO:cooler.balance:variance is 5223.023015053743
INFO:cooler.balance:variance is 8954.212086121917
INFO:cooler.balance:variance is 3214.214162956945
INFO:cooler.balance:variance is 4645.171145603231
INFO:cooler.balance:variance is 1988.8696721528042
INFO:cooler.balance:variance is 2469.1352613225527
INFO:cooler.balance:variance is 1210.4669519799374
INFO:cooler.balance:variance is 1332.3777655698839
INFO:cooler.balance:variance is 724.6544960781337
INFO:cooler.balance:variance is 727.2029906025427
INFO:cooler.balance:variance is 428.1242623015821
INFO:cooler.balance:variance is 400.47512254888005
INFO:cooler.balance:variance is 250.40670414921928
INFO:cooler.balance:variance is 222.10397902767102
INFO:cooler.balance:variance is 145.3635348731188
INFO:cooler.balance:variance is 123.8583611966975
INFO:cooler.balance:variance is 83.91294416926664
INFO:cooler.balance:variance is 69.36536241768944
INFO:cooler.balance:variance is 48.23764389990209
INFO:cooler.balance:variance is 38.97455204458944
INFO:cooler.balance:variance is 27.643137366547457
INFO:cooler.balance:variance is 21.953652040760446
INFO:cooler.balance:variance is 15.804286334606335
INFO:cooler.balance:variance is 12.389704291651427
INFO:cooler.balance:variance is 9.019936173728508
INFO:cooler.balance:variance is 7.002364431819176
INFO:cooler.balance:variance is 5.141182465270542
INFO:cooler.balance:variance is 3.9619218033288615
INFO:cooler.balance:variance is 2.9274905256260473
INFO:cooler.balance:variance is 2.243512706130513
INFO:cooler.balance:variance is 1.6657397892038766
INFO:cooler.balance:variance is 1.2712310108850986
INFO:cooler.balance:variance is 0.9472784349894149
INFO:cooler.balance:variance is 0.7206541735621959
INFO:cooler.balance:variance is 0.5384764878906003
INFO:cooler.balance:variance is 0.40868172911612793
INFO:cooler.balance:variance is 0.30599853240315994
INFO:cooler.balance:variance is 0.23182548140264078
INFO:cooler.balance:variance is 0.17384779999122818
INFO:cooler.balance:variance is 0.13153031149641556
INFO:cooler.balance:variance is 0.09875104463804787
INFO:cooler.balance:variance is 0.07463756069912177
INFO:cooler.balance:variance is 0.05608619072158837
INFO:cooler.balance:variance is 0.042358392638927454
INFO:cooler.balance:variance is 0.03185123791694417
INFO:cooler.balance:variance is 0.024041387708811517
INFO:cooler.balance:variance is 0.01808687926621051
INFO:cooler.balance:variance is 0.013646090708490642
INFO:cooler.balance:variance is 0.010270132995215755
INFO:cooler.balance:variance is 0.007746019317371415
INFO:cooler.balance:variance is 0.005831358483603429
INFO:cooler.balance:variance is 0.004397088185432038
INFO:cooler.balance:variance is 0.003310924546419359
INFO:cooler.balance:variance is 0.002496111850539714
INFO:cooler.balance:variance is 0.001879828289426267
INFO:cooler.balance:variance is 0.0014170075097357196
INFO:cooler.balance:variance is 0.001067281686822079
INFO:cooler.balance:variance is 0.0008044280884751408
INFO:cooler.balance:variance is 0.0006059459552541319
INFO:cooler.balance:variance is 0.00045667532801723157
INFO:cooler.balance:variance is 0.0003440203796760431
INFO:cooler.balance:variance is 0.0002592577971269729
INFO:cooler.balance:variance is 0.00019531294116579596
INFO:cooler.balance:variance is 0.0001471834854843546
INFO:cooler.balance:variance is 0.00011088563405647862
INFO:cooler.balance:variance is 8.355810557657995e-05
INFO:cooler.balance:variance is 6.295316952988731e-05
INFO:cooler.balance:variance is 4.743727993194742e-05
INFO:cooler.balance:variance is 3.5740321056540925e-05
INFO:cooler.balance:variance is 2.6930985520912424e-05
INFO:cooler.balance:variance is 2.029075432382039e-05
INFO:cooler.balance:variance is 1.5289232138590847e-05
INFO:cooler.balance:variance is 1.1519592129905283e-05
INFO:cooler.balance:variance is 8.68000202506595e-06
INFO:cooler.cli.zoomify:Balancing zoom level with bin size 5000
INFO:cooler.cli.balance:Balancing "/faststorage/project/hic-spermatogenesis/people/sojern/hic-compartment-borders/steps/cool/pachytene_spermatocyte/pachytene_spermatocyte.merged.mcool::resolutions/5000"
INFO:cooler.balance:variance is 615076.7258922927
INFO:cooler.balance:variance is 379395.7331369139
INFO:cooler.balance:variance is 105844.93935540969
INFO:cooler.balance:variance is 181942.38552393374
INFO:cooler.balance:variance is 64984.59277291424
INFO:cooler.balance:variance is 92031.52407440146
INFO:cooler.balance:variance is 39440.12287432535
INFO:cooler.balance:variance is 47583.93733443431
INFO:cooler.balance:variance is 23411.590294468886
INFO:cooler.balance:variance is 24982.115966947767
INFO:cooler.balance:variance is 13641.157240198956
INFO:cooler.balance:variance is 13272.587686685492
INFO:cooler.balance:variance is 7837.391446128102
INFO:cooler.balance:variance is 7117.46587710649
INFO:cooler.balance:variance is 4456.5120585265495
INFO:cooler.balance:variance is 3844.4746862756415
INFO:cooler.balance:variance is 2514.9126706168163
INFO:cooler.balance:variance is 2088.163134387869
INFO:cooler.balance:variance is 1411.3518910532405
INFO:cooler.balance:variance is 1139.0252682367704
INFO:cooler.balance:variance is 788.8133867672274
INFO:cooler.balance:variance is 623.2995134391886
INFO:cooler.balance:variance is 439.5499995860568
INFO:cooler.balance:variance is 341.9093876777306
INFO:cooler.balance:variance is 244.38811049246962
INFO:cooler.balance:variance is 187.89456700314963
INFO:cooler.balance:variance is 135.65665091180426
INFO:cooler.balance:variance is 103.39706275341909
INFO:cooler.balance:variance is 75.21012527637996
INFO:cooler.balance:variance is 56.956552722656745
INFO:cooler.balance:variance is 41.66027421949088
INFO:cooler.balance:variance is 31.39848363164233
INFO:cooler.balance:variance is 23.061060651453634
INFO:cooler.balance:variance is 17.31885882457111
INFO:cooler.balance:variance is 12.759166627522756
INFO:cooler.balance:variance is 9.556807217508984
INFO:cooler.balance:variance is 7.056777489122494
INFO:cooler.balance:variance is 5.275244332789842
INFO:cooler.balance:variance is 3.9018677691852615
INFO:cooler.balance:variance is 2.9125519796269823
INFO:cooler.balance:variance is 2.1570044465942892
INFO:cooler.balance:variance is 1.6083485977748309
INFO:cooler.balance:variance is 1.1922420523593906
INFO:cooler.balance:variance is 0.8882654243027025
INFO:cooler.balance:variance is 0.658915108333376
INFO:cooler.balance:variance is 0.4906220085316623
INFO:cooler.balance:variance is 0.36413175617755833
INFO:cooler.balance:variance is 0.2710081151516604
INFO:cooler.balance:variance is 0.2012152708620936
INFO:cooler.balance:variance is 0.14970648475639547
INFO:cooler.balance:variance is 0.11118430105356499
INFO:cooler.balance:variance is 0.08270200971225886
INFO:cooler.balance:variance is 0.06143434756780197
INFO:cooler.balance:variance is 0.045688221216857776
INFO:cooler.balance:variance is 0.03394439446815046
INFO:cooler.balance:variance is 0.025240729570928325
INFO:cooler.balance:variance is 0.018754985431760345
INFO:cooler.balance:variance is 0.013944617137225761
INFO:cooler.balance:variance is 0.010362375813670551
INFO:cooler.balance:variance is 0.007704004299091888
INFO:cooler.balance:variance is 0.005725289396796161
INFO:cooler.balance:variance is 0.004256281330176046
INFO:cooler.balance:variance is 0.003163240424749752
INFO:cooler.balance:variance is 0.0023515110589985445
INFO:cooler.balance:variance is 0.0017476902867695132
INFO:cooler.balance:variance is 0.0012991696696275
INFO:cooler.balance:variance is 0.0009655947455976791
INFO:cooler.balance:variance is 0.0007177716765859188
INFO:cooler.balance:variance is 0.0005334871223464193
INFO:cooler.balance:variance is 0.0003965591250302647
INFO:cooler.balance:variance is 0.00029474874574203985
INFO:cooler.balance:variance is 0.00021909398791082886
INFO:cooler.balance:variance is 0.0001628468009042176
INFO:cooler.balance:variance is 0.00012104688802141985
INFO:cooler.balance:variance is 8.997170124708797e-05
INFO:cooler.balance:variance is 6.687707718394914e-05
INFO:cooler.balance:variance is 4.970867809069983e-05
INFO:cooler.balance:variance is 3.6948882006034675e-05
INFO:cooler.balance:variance is 2.746364544322319e-05
INFO:cooler.balance:variance is 2.0413881486140468e-05
INFO:cooler.balance:variance is 1.5173435451574105e-05
INFO:cooler.balance:variance is 1.127846707961554e-05
INFO:cooler.balance:variance is 8.383193430108071e-06
INFO:cooler.cli.zoomify:Balancing zoom level with bin size 10000
INFO:cooler.cli.balance:Balancing "/faststorage/project/hic-spermatogenesis/people/sojern/hic-compartment-borders/steps/cool/pachytene_spermatocyte/pachytene_spermatocyte.merged.mcool::resolutions/10000"
INFO:cooler.balance:variance is 1619237.937600506
INFO:cooler.balance:variance is 1414627.4881884302
INFO:cooler.balance:variance is 391397.16946822364
INFO:cooler.balance:variance is 665334.2725893667
INFO:cooler.balance:variance is 236899.0638328961
INFO:cooler.balance:variance is 329559.7283897063
INFO:cooler.balance:variance is 141309.50584750326
INFO:cooler.balance:variance is 167019.29648120614
INFO:cooler.balance:variance is 82334.25777588104
INFO:cooler.balance:variance is 86018.28991739346
INFO:cooler.balance:variance is 47061.0456174434
INFO:cooler.balance:variance is 44854.05095139814
INFO:cooler.balance:variance is 26517.670539705185
INFO:cooler.balance:variance is 23615.004948178845
INFO:cooler.balance:variance is 14787.05245918767
INFO:cooler.balance:variance is 12525.071122629573
INFO:cooler.balance:variance is 8183.530200658214
INFO:cooler.balance:variance is 6680.492218968333
INFO:cooler.balance:variance is 4504.141462774381
INFO:cooler.balance:variance is 3578.2661523064885
INFO:cooler.balance:variance is 2469.138669206734
INFO:cooler.balance:variance is 1922.7012559321765
INFO:cooler.balance:variance is 1349.6191155561476
INFO:cooler.balance:variance is 1035.5618611675181
INFO:cooler.balance:variance is 736.1228669220201
INFO:cooler.balance:variance is 558.7299082174702
INFO:cooler.balance:variance is 400.876768887257
INFO:cooler.balance:variance is 301.85078342300255
INFO:cooler.balance:variance is 218.058978524529
INFO:cooler.balance:variance is 163.23014324374967
INFO:cooler.balance:variance is 118.51460970555208
INFO:cooler.balance:variance is 88.331789798506
INFO:cooler.balance:variance is 64.37267422104713
INFO:cooler.balance:variance is 47.82572003130151
INFO:cooler.balance:variance is 34.94894125926909
INFO:cooler.balance:variance is 25.904431298466392
INFO:cooler.balance:variance is 18.967997356358257
INFO:cooler.balance:variance is 14.034938653820452
INFO:cooler.balance:variance is 10.29205864891223
INFO:cooler.balance:variance is 7.605684440724711
INFO:cooler.balance:variance is 5.5834742602799565
INFO:cooler.balance:variance is 4.122241018661348
INFO:cooler.balance:variance is 3.0286494106450452
INFO:cooler.balance:variance is 2.2344880358275416
INFO:cooler.balance:variance is 1.6426723794833882
INFO:cooler.balance:variance is 1.2113208810189766
INFO:cooler.balance:variance is 0.8908848910102973
INFO:cooler.balance:variance is 0.6567003825304464
INFO:cooler.balance:variance is 0.48313575426084926
INFO:cooler.balance:variance is 0.356037007662858
INFO:cooler.balance:variance is 0.2619990937484165
INFO:cooler.balance:variance is 0.19303568549999645
INFO:cooler.balance:variance is 0.14207507741093642
INFO:cooler.balance:variance is 0.1046624275922293
INFO:cooler.balance:variance is 0.07704186909480361
INFO:cooler.balance:variance is 0.05674817708839983
INFO:cooler.balance:variance is 0.04177620091229316
INFO:cooler.balance:variance is 0.030769387523680598
INFO:cooler.balance:variance is 0.02265301880955259
INFO:cooler.balance:variance is 0.016683611830545807
INFO:cooler.balance:variance is 0.012283427123464679
INFO:cooler.balance:variance is 0.00904616406939861
INFO:cooler.balance:variance is 0.006660553417158575
INFO:cooler.balance:variance is 0.004905024367693576
INFO:cooler.balance:variance is 0.003611595350661863
INFO:cooler.balance:variance is 0.0026596200033692824
INFO:cooler.balance:variance is 0.0019583323025653397
INFO:cooler.balance:variance is 0.0014421129375442124
INFO:cooler.balance:variance is 0.001061873076565412
INFO:cooler.balance:variance is 0.0007819516202045493
INFO:cooler.balance:variance is 0.0005757819362743206
INFO:cooler.balance:variance is 0.00042399543265652317
INFO:cooler.balance:variance is 0.00031220717260589887
INFO:cooler.balance:variance is 0.00022990212009656448
INFO:cooler.balance:variance is 0.00016928843309538204
INFO:cooler.balance:variance is 0.00012465943231437066
INFO:cooler.balance:variance is 9.179338314388716e-05
INFO:cooler.balance:variance is 6.759391268411656e-05
INFO:cooler.balance:variance is 4.977316226527207e-05
INFO:cooler.balance:variance is 3.6651371353162026e-05
INFO:cooler.balance:variance is 2.6988510656490726e-05
INFO:cooler.balance:variance is 1.9873438694229795e-05
INFO:cooler.balance:variance is 1.463398067456099e-05
INFO:cooler.balance:variance is 1.0775958717438719e-05
INFO:cooler.balance:variance is 7.934981927702728e-06
INFO:cooler.cli.zoomify:Balancing zoom level with bin size 50000
INFO:cooler.cli.balance:Balancing "/faststorage/project/hic-spermatogenesis/people/sojern/hic-compartment-borders/steps/cool/pachytene_spermatocyte/pachytene_spermatocyte.merged.mcool::resolutions/50000"
INFO:cooler.balance:variance is 21190138.12982828
INFO:cooler.balance:variance is 29093997.617521968
INFO:cooler.balance:variance is 7897207.986812155
INFO:cooler.balance:variance is 12810413.293824144
INFO:cooler.balance:variance is 4556813.943732566
INFO:cooler.balance:variance is 5972178.851628602
INFO:cooler.balance:variance is 2577181.3635487035
INFO:cooler.balance:variance is 2857704.8163244156
INFO:cooler.balance:variance is 1419949.0632977646
INFO:cooler.balance:variance is 1392631.4014986374
INFO:cooler.balance:variance is 766628.1657185514
INFO:cooler.balance:variance is 688030.9448144305
INFO:cooler.balance:variance is 407878.9307252539
INFO:cooler.balance:variance is 343432.9587138593
INFO:cooler.balance:variance is 214762.2716905101
INFO:cooler.balance:variance is 172737.2096772252
INFO:cooler.balance:variance is 112249.79714812813
INFO:cooler.balance:variance is 87369.89372354328
INFO:cooler.balance:variance is 58364.23016727898
INFO:cooler.balance:variance is 44372.28443002669
INFO:cooler.balance:variance is 30234.251748823437
INFO:cooler.balance:variance is 22602.119999213395
INFO:cooler.balance:variance is 15620.950416875834
INFO:cooler.balance:variance is 11537.649182151656
INFO:cooler.balance:variance is 8055.646502808059
INFO:cooler.balance:variance is 5898.704208751628
INFO:cooler.balance:variance is 4148.696135952648
INFO:cooler.balance:variance is 3019.1099147691175
INFO:cooler.balance:variance is 2134.5549162862535
INFO:cooler.balance:variance is 1546.494535576231
INFO:cooler.balance:variance is 1097.5036891101788
INFO:cooler.balance:variance is 792.6238448579752
INFO:cooler.balance:variance is 564.0169548987965
INFO:cooler.balance:variance is 406.41034085548364
INFO:cooler.balance:variance is 289.75188305251766
INFO:cooler.balance:variance is 208.44460428676277
INFO:cooler.balance:variance is 148.81664749675434
INFO:cooler.balance:variance is 106.93221119848398
INFO:cooler.balance:variance is 76.4185546505702
INFO:cooler.balance:variance is 54.86461935844807
INFO:cooler.balance:variance is 39.236503544977325
INFO:cooler.balance:variance is 28.1529200339449
INFO:cooler.balance:variance is 20.14381835757299
INFO:cooler.balance:variance is 14.447356339814068
INFO:cooler.balance:variance is 10.341050371920794
INFO:cooler.balance:variance is 7.414426866623207
INFO:cooler.balance:variance is 5.308440990959624
INFO:cooler.balance:variance is 3.8052585593375357
INFO:cooler.balance:variance is 2.7249255233862595
INFO:cooler.balance:variance is 1.9530043595382944
INFO:cooler.balance:variance is 1.3987231085790073
INFO:cooler.balance:variance is 1.0023771954942624
INFO:cooler.balance:variance is 0.7179617701019716
INFO:cooler.balance:variance is 0.5144764928342113
INFO:cooler.balance:variance is 0.3685237525572391
INFO:cooler.balance:variance is 0.264061128322454
INFO:cooler.balance:variance is 0.18915846365128872
INFO:cooler.balance:variance is 0.13553351284605375
INFO:cooler.balance:variance is 0.0970919664607406
INFO:cooler.balance:variance is 0.0695650763051023
INFO:cooler.balance:variance is 0.04983550103858225
INFO:cooler.balance:variance is 0.03570569748387034
INFO:cooler.balance:variance is 0.025579552166662505
INFO:cooler.balance:variance is 0.01832673005784622
INFO:cooler.balance:variance is 0.01312943460901835
INFO:cooler.balance:variance is 0.009406613700659648
INFO:cooler.balance:variance is 0.006739045387752897
INFO:cooler.balance:variance is 0.004828166683913422
INFO:cooler.balance:variance is 0.0034589972327817805
INFO:cooler.balance:variance is 0.002478173132632544
INFO:cooler.balance:variance is 0.0017754223087312739
INFO:cooler.balance:variance is 0.0012719831298592427
INFO:cooler.balance:variance is 0.0009112821466261742
INFO:cooler.balance:variance is 0.0006528768751837016
INFO:cooler.balance:variance is 0.0004677392969995259
INFO:cooler.balance:variance is 0.00033510536756849077
INFO:cooler.balance:variance is 0.00024007930065121175
INFO:cooler.balance:variance is 0.00017200124841344012
INFO:cooler.balance:variance is 0.00012322688696834414
INFO:cooler.balance:variance is 8.828397878373387e-05
INFO:cooler.balance:variance is 6.324936450503862e-05
INFO:cooler.balance:variance is 4.5313984977249446e-05
INFO:cooler.balance:variance is 3.246435693200605e-05
INFO:cooler.balance:variance is 2.325855116249756e-05
INFO:cooler.balance:variance is 1.666316161825525e-05
INFO:cooler.balance:variance is 1.1938041663772392e-05
INFO:cooler.balance:variance is 8.552793422753251e-06
INFO:cooler.cli.zoomify:Balancing zoom level with bin size 100000
INFO:cooler.cli.balance:Balancing "/faststorage/project/hic-spermatogenesis/people/sojern/hic-compartment-borders/steps/cool/pachytene_spermatocyte/pachytene_spermatocyte.merged.mcool::resolutions/100000"
INFO:cooler.balance:variance is 70351601.8858706
INFO:cooler.balance:variance is 103823178.576994
INFO:cooler.balance:variance is 27910659.96341817
INFO:cooler.balance:variance is 43952562.1126258
INFO:cooler.balance:variance is 15627826.03390115
INFO:cooler.balance:variance is 19773403.903738298
INFO:cooler.balance:variance is 8558568.000557005
INFO:cooler.balance:variance is 9149940.155144747
INFO:cooler.balance:variance is 4561593.323905297
INFO:cooler.balance:variance is 4317864.334610095
INFO:cooler.balance:variance is 2381482.1939214626
INFO:cooler.balance:variance is 2067224.3027862357
INFO:cooler.balance:variance is 1225127.515742445
INFO:cooler.balance:variance is 1000246.0547548755
INFO:cooler.balance:variance is 623784.810532698
INFO:cooler.balance:variance is 487718.508986326
INFO:cooler.balance:variance is 315326.5255727364
INFO:cooler.balance:variance is 239133.32738380763
INFO:cooler.balance:variance is 158599.3516364649
INFO:cooler.balance:variance is 117715.87576245515
INFO:cooler.balance:variance is 79490.21252548699
INFO:cooler.balance:variance is 58111.01866859836
INFO:cooler.balance:variance is 39742.43740130188
INFO:cooler.balance:variance is 28744.48545860448
INFO:cooler.balance:variance is 19835.506008943852
INFO:cooler.balance:variance is 14238.655655832117
INFO:cooler.balance:variance is 9887.888330021677
INFO:cooler.balance:variance is 7060.2648350399695
INFO:cooler.balance:variance is 4924.839334897073
INFO:cooler.balance:variance is 3503.3397245605847
INFO:cooler.balance:variance is 2451.426720841612
INFO:cooler.balance:variance is 1739.2496440771522
INFO:cooler.balance:variance is 1219.7238000475688
INFO:cooler.balance:variance is 863.7653070946413
INFO:cooler.balance:variance is 606.700389356595
INFO:cooler.balance:variance is 429.0800935158443
INFO:cooler.balance:variance is 301.7140839104248
INFO:cooler.balance:variance is 213.18552218136864
INFO:cooler.balance:variance is 150.02112992771754
INFO:cooler.balance:variance is 105.93297406323329
INFO:cooler.balance:variance is 74.58712135957907
INFO:cooler.balance:variance is 52.64326115737553
INFO:cooler.balance:variance is 37.08029947753115
INFO:cooler.balance:variance is 26.162624887724245
INFO:cooler.balance:variance is 18.43317059980703
INFO:cooler.balance:variance is 13.00285791782233
INFO:cooler.balance:variance is 9.163068547568026
INFO:cooler.balance:variance is 6.462636020597796
INFO:cooler.balance:variance is 4.554813585529068
INFO:cooler.balance:variance is 3.2121070325891874
INFO:cooler.balance:variance is 2.2640831274306534
INFO:cooler.balance:variance is 1.5965295785552271
INFO:cooler.balance:variance is 1.125404252249431
INFO:cooler.balance:variance is 0.7935396247871622
INFO:cooler.balance:variance is 0.5593978631966908
INFO:cooler.balance:variance is 0.39442421661396176
INFO:cooler.balance:variance is 0.2780547267166616
INFO:cooler.balance:variance is 0.19604729552687938
INFO:cooler.balance:variance is 0.13820947161420105
INFO:cooler.balance:variance is 0.09744504988721818
INFO:cooler.balance:variance is 0.068697977764465
INFO:cooler.balance:variance is 0.0484350627945209
INFO:cooler.balance:variance is 0.03414673058332298
INFO:cooler.balance:variance is 0.024074693596091417
INFO:cooler.balance:variance is 0.016972804854744707
INFO:cooler.balance:variance is 0.011966364995263943
INFO:cooler.balance:variance is 0.008436408973205344
INFO:cooler.balance:variance is 0.005947906436967648
INFO:cooler.balance:variance is 0.00419335172797236
INFO:cooler.balance:variance is 0.0029564211273869385
INFO:cooler.balance:variance is 0.0020843215461721566
INFO:cooler.balance:variance is 0.0014694968784351688
INFO:cooler.balance:variance is 0.0010360196083523175
INFO:cooler.balance:variance is 0.000730417518235285
INFO:cooler.balance:variance is 0.0005149571743965269
INFO:cooler.balance:variance is 0.00036305614657743747
INFO:cooler.balance:variance is 0.00025596121728439195
INFO:cooler.balance:variance is 0.00018045814035453798
INFO:cooler.balance:variance is 0.00012722637739649896
INFO:cooler.balance:variance is 8.969726712150577e-05
INFO:cooler.balance:variance is 6.323828945747338e-05
INFO:cooler.balance:variance is 4.4584302843469735e-05
INFO:cooler.balance:variance is 3.143279769261902e-05
INFO:cooler.balance:variance is 2.2160766288034126e-05
INFO:cooler.balance:variance is 1.5623773694094092e-05
INFO:cooler.balance:variance is 1.1015078194230945e-05
INFO:cooler.balance:variance is 7.765846952873331e-06
